# JRE version: OpenJDK Runtime Environment Microsoft-14941484 (21.0.12.1+1) (build 21.0.12.1+1-LTS)
# Java VM: OpenJDK 64-Bit Server VM Microsoft-14941484 (21.0.12.1+1-LTS, mixed mode, emulated-client, sharing, tiered, compressed oops, compressed class ptrs, g1 gc, windows-amd64)
GC Precious Log:
 CardTable entry size: 512
 Card Set container configuration: InlinePtr #cards 5 size 8 Array Of Cards #cards 12 size 40 Howl #buckets 4 coarsen threshold 1843 Howl Bitmap #cards 512 size 80 coarsen threshold 460 Card regions per heap region 1 cards per card region 2048
 CPUs: 4 total, 4 available
 Memory: 7959M
 Large Page Support: Disabled
 NUMA Support: Disabled
 Compressed Oops: Enabled (32-bit)
 Heap Region Size: 1M
 Heap Min Capacity: 8M
 Heap Initial Capacity: 126M
 Heap Max Capacity: 1990M
 Pre-touch: Disabled
 Parallel Workers: 4
 Concurrent Workers: 1
 Concurrent Refinement Workers: 4
 Periodic GC: Disabled
Heap:
 garbage-first heap   total 223232K, used 180298K [0x0000000083a00000, 0x0000000100000000)
  region size 1024K, 83 young (84992K), 3 survivors (3072K)
 Metaspace       used 127832K, committed 129472K, reserved 1179648K
  class space    used 16705K, committed 17728K, reserved 1048576K
GC Heap History (20 events):
Event: 6577.165 GC heap before
{Heap before GC invocations=336 (full 10):
 garbage-first heap   total 178176K, used 165330K [0x0000000083a00000, 0x0000000100000000)
  region size 1024K, 90 young (92160K), 2 survivors (2048K)
 Metaspace       used 123132K, committed 128256K, reserved 1179648K
  class space    used 16238K, committed 17728K, reserved 1048576K
}
Event: 6577.224 GC heap after
{Heap after GC invocations=337 (full 10):
 garbage-first heap   total 178176K, used 77357K [0x0000000083a00000, 0x0000000100000000)
  region size 1024K, 3 young (3072K), 3 survivors (3072K)
 Metaspace       used 123132K, committed 128256K, reserved 1179648K
  class space    used 16238K, committed 17728K, reserved 1048576K
}
Event: 6590.547 GC heap before
{Heap before GC invocations=338 (full 10):
 garbage-first heap   total 178176K, used 166445K [0x0000000083a00000, 0x0000000100000000)
  region size 1024K, 90 young (92160K), 3 survivors (3072K)
 Metaspace       used 123132K, committed 128256K, reserved 1179648K
  class space    used 16238K, committed 17728K, reserved 1048576K
}
Event: 6590.558 GC heap after
{Heap after GC invocations=339 (full 10):
 garbage-first heap   total 178176K, used 75874K [0x0000000083a00000, 0x0000000100000000)
  region size 1024K, 1 young (1024K), 1 survivors (1024K)
 Metaspace       used 123132K, committed 128256K, reserved 1179648K
  class space    used 16238K, committed 17728K, reserved 1048576K
}
Event: 6603.442 GC heap before
{Heap before GC invocations=339 (full 10):
 garbage-first heap   total 178176K, used 167010K [0x0000000083a00000, 0x0000000100000000)
  region size 1024K, 90 young (92160K), 1 survivors (1024K)
 Metaspace       used 123132K, committed 128256K, reserved 1179648K
  class space    used 16238K, committed 17728K, reserved 1048576K
}
Event: 6603.474 GC heap after
{Heap after GC invocations=340 (full 10):
 garbage-first heap   total 214016K, used 75784K [0x0000000083a00000, 0x0000000100000000)
  region size 1024K, 3 young (3072K), 3 survivors (3072K)
 Metaspace       used 123132K, committed 128256K, reserved 1179648K
  class space    used 16238K, committed 17728K, reserved 1048576K
}
Event: 6619.576 GC heap before
{Heap before GC invocations=340 (full 10):
 garbage-first heap   total 214016K, used 200712K [0x0000000083a00000, 0x0000000100000000)
  region size 1024K, 125 young (128000K), 3 survivors (3072K)
 Metaspace       used 123159K, committed 128256K, reserved 1179648K
  class space    used 16245K, committed 17728K, reserved 1048576K
}
Event: 6619.602 GC heap after
{Heap after GC invocations=341 (full 10):
 garbage-first heap   total 214016K, used 77362K [0x0000000083a00000, 0x0000000100000000)
  region size 1024K, 4 young (4096K), 4 survivors (4096K)
 Metaspace       used 123159K, committed 128256K, reserved 1179648K
  class space    used 16245K, committed 17728K, reserved 1048576K
}
Event: 6625.982 GC heap before
{Heap before GC invocations=342 (full 10):
 garbage-first heap   total 214016K, used 200242K [0x0000000083a00000, 0x0000000100000000)
  region size 1024K, 125 young (128000K), 4 survivors (4096K)
 Metaspace       used 125447K, committed 128256K, reserved 1179648K
  class space    used 16413K, committed 17728K, reserved 1048576K
}
Event: 6626.008 GC heap after
{Heap after GC invocations=343 (full 10):
 garbage-first heap   total 214016K, used 85121K [0x0000000083a00000, 0x0000000100000000)
  region size 1024K, 11 young (11264K), 11 survivors (11264K)
 Metaspace       used 125447K, committed 128256K, reserved 1179648K
  class space    used 16413K, committed 17728K, reserved 1048576K
}
Event: 6629.353 GC heap before
{Heap before GC invocations=343 (full 10):
 garbage-first heap   total 214016K, used 199809K [0x0000000083a00000, 0x0000000100000000)
  region size 1024K, 123 young (125952K), 11 survivors (11264K)
 Metaspace       used 126325K, committed 128320K, reserved 1179648K
  class space    used 16509K, committed 17728K, reserved 1048576K
}
Event: 6629.374 GC heap after
{Heap after GC invocations=344 (full 10):
 garbage-first heap   total 219136K, used 89948K [0x0000000083a00000, 0x0000000100000000)
  region size 1024K, 7 young (7168K), 7 survivors (7168K)
 Metaspace       used 126325K, committed 128320K, reserved 1179648K
  class space    used 16509K, committed 17728K, reserved 1048576K
}
Event: 6630.438 GC heap before
{Heap before GC invocations=344 (full 10):
 garbage-first heap   total 219136K, used 115548K [0x0000000083a00000, 0x0000000100000000)
  region size 1024K, 33 young (33792K), 7 survivors (7168K)
 Metaspace       used 126451K, committed 128320K, reserved 1179648K
  class space    used 16523K, committed 17728K, reserved 1048576K
}
Event: 6630.446 GC heap after
{Heap after GC invocations=345 (full 10):
 garbage-first heap   total 219136K, used 91456K [0x0000000083a00000, 0x0000000100000000)
  region size 1024K, 9 young (9216K), 9 survivors (9216K)
 Metaspace       used 126451K, committed 128320K, reserved 1179648K
  class space    used 16523K, committed 17728K, reserved 1048576K
}
Event: 6632.639 GC heap before
{Heap before GC invocations=346 (full 10):
 garbage-first heap   total 219136K, used 203072K [0x0000000083a00000, 0x0000000100000000)
  region size 1024K, 119 young (121856K), 9 survivors (9216K)
 Metaspace       used 126905K, committed 128640K, reserved 1179648K
  class space    used 16596K, committed 17728K, reserved 1048576K
}
Event: 6632.658 GC heap after
{Heap after GC invocations=347 (full 10):
 garbage-first heap   total 223232K, used 100451K [0x0000000083a00000, 0x0000000100000000)
  region size 1024K, 11 young (11264K), 11 survivors (11264K)
 Metaspace       used 126905K, committed 128640K, reserved 1179648K
  class space    used 16596K, committed 17728K, reserved 1048576K
}
Event: 6633.415 GC heap before
{Heap before GC invocations=347 (full 10):
 garbage-first heap   total 223232K, used 204899K [0x0000000083a00000, 0x0000000100000000)
  region size 1024K, 113 young (115712K), 11 survivors (11264K)
 Metaspace       used 127705K, committed 129344K, reserved 1179648K
  class space    used 16689K, committed 17728K, reserved 1048576K
}
Event: 6633.427 GC heap after
{Heap after GC invocations=348 (full 10):
 garbage-first heap   total 223232K, used 99506K [0x0000000083a00000, 0x0000000100000000)
  region size 1024K, 3 young (3072K), 3 survivors (3072K)
 Metaspace       used 127705K, committed 129344K, reserved 1179648K
  class space    used 16689K, committed 17728K, reserved 1048576K
}
Event: 6633.560 GC heap before
{Heap before GC invocations=348 (full 10):
 garbage-first heap   total 223232K, used 114866K [0x0000000083a00000, 0x0000000100000000)
  region size 1024K, 19 young (19456K), 3 survivors (3072K)
 Metaspace       used 127828K, committed 129472K, reserved 1179648K
  class space    used 16705K, committed 17728K, reserved 1048576K
}
Event: 6633.564 GC heap after
{Heap after GC invocations=349 (full 10):
 garbage-first heap   total 223232K, used 99402K [0x0000000083a00000, 0x0000000100000000)
  region size 1024K, 3 young (3072K), 3 survivors (3072K)
 Metaspace       used 127828K, committed 129472K, reserved 1179648K
  class space    used 16705K, committed 17728K, reserved 1048576K
}

